d:\dev\dx12_simple_mesh\dx12_simple_mesh\x64\debug\vc143.pdb
d:\dev\dx12_simple_mesh\dx12_simple_mesh\x64\debug\vc143.idb
d:\dev\dx12_simple_mesh\dx12_simple_mesh\x64\debug\win32application.obj
d:\dev\dx12_simple_mesh\dx12_simple_mesh\x64\debug\stdafx.obj
d:\dev\dx12_simple_mesh\dx12_simple_mesh\x64\debug\simplecamera.obj
d:\dev\dx12_simple_mesh\dx12_simple_mesh\x64\debug\model.obj
d:\dev\dx12_simple_mesh\dx12_simple_mesh\x64\debug\main.obj
d:\dev\dx12_simple_mesh\dx12_simple_mesh\x64\debug\dxsample.obj
d:\dev\dx12_simple_mesh\dx12_simple_mesh\x64\debug\d3d12meshletrender.obj
d:\dev\dx12_simple_mesh\dx12_simple_mesh\x64\debug\shadercompiler.obj
d:\dev\dx12_simple_mesh\x64\debug\dx12_simple_mesh.exe
d:\dev\dx12_simple_mesh\dx12_simple_mesh\x64\debug\dx12_simple_mesh.ilk
d:\dev\dx12_simple_mesh\x64\debug\dx12_simple_mesh.pdb
d:\dev\dx12_simple_mesh\dx12_simple_mesh\x64\debug\d3d12meshletrender.obj.enc
d:\dev\dx12_simple_mesh\dx12_simple_mesh\x64\debug\dx12_simple_mesh.tlog\cl.command.1.tlog
d:\dev\dx12_simple_mesh\dx12_simple_mesh\x64\debug\dx12_simple_mesh.tlog\cl.read.1.tlog
d:\dev\dx12_simple_mesh\dx12_simple_mesh\x64\debug\dx12_simple_mesh.tlog\cl.write.1.tlog
d:\dev\dx12_simple_mesh\dx12_simple_mesh\x64\debug\dx12_simple_mesh.tlog\link.command.1.tlog
d:\dev\dx12_simple_mesh\dx12_simple_mesh\x64\debug\dx12_simple_mesh.tlog\link.read.1.tlog
d:\dev\dx12_simple_mesh\dx12_simple_mesh\x64\debug\dx12_simple_mesh.tlog\link.write.1.tlog
